This is e-pTeX, Version 3.141592653-p4.1.0-230214-2.6 (utf8.euc) (TeX Live 2023) (preloaded format=platex 2023.4.5)  20 SEP 2023 09:48
entering extended mode
 restricted \write18 enabled.
 file:line:error style messages enabled.
 %&-line parsing enabled.
**/home/kawai/Soturon/grad-thesis2/intermediate/intermediate.tex
(/home/kawai/Soturon/grad-thesis2/intermediate/intermediate.tex
pLaTeX2e <2023-02-14>+1 (based on LaTeX2e <2022-11-01> patch level 1)
L3 programming layer <2023-03-30> (/usr/local/texlive/2023/texmf-dist/tex/luatex/luatexja/ltjsarticle.cls
Document Class: ltjsarticle 2022/09/12 ltjsclasses 
(/usr/local/texlive/2023/texmf-dist/tex/luatex/luatexja/luatexja.sty
Package: luatexja 2023-02-11 Japanese Typesetting with Lua(La)TeX

/usr/local/texlive/2023/texmf-dist/tex/luatex/luatexja/luatexja.sty:53: Undefined control sequence.
l.53 \directlua
               {require('ltj-unicode-ccfix.lua')}% catcode of ideographs 
Here is how much of TeX's memory you used:
 65 strings out of 476685
 1664 string characters out of 5805125
 1842487 words of memory out of 5000000
 20617 multiletter control sequences out of 15000+600000
 516158 words of font info for 49 fonts, out of 8000000 for 9000
 929 hyphenation exceptions out of 8191
 40i,0n,48p,188b,18s stack positions out of 10000i,1000n,20000p,200000b,200000s

No pages of output.
