INFO: latexindent.exe version 3.8.3, 2020-11-06, a script to indent .tex files
      latexindent.exe lives here: C:/texlive/2020/bin/win32/
      Fri Oct 27 03:27:55 2023
      Filename: d:/KCCT/D5/soturon/intermediate/final-report/__latexindent_temp_final-report.tex
INFO: Processing switches:
      -y|--yaml: YAML settings specified via command line
      -c|--cruft: cruft directory
INFO: Directory for backup files and d:/KCCT/D5/soturon/intermediate/final-report//indent.log: d:/KCCT/D5/soturon/intermediate/final-report/
INFO: YAML settings read: defaultSettings.yaml
      Reading defaultSettings.yaml from C:/texlive/2020/bin/win32/defaultSettings.yaml
      Reading defaultSettings.yaml (2nd attempt, TeXLive, Windows) from C:/texlive/2020/bin/win32/../../texmf-dist/scripts/latexindent/defaultSettings.yaml
INFO: YAML settings read: indentconfig.yaml or .indentconfig.yaml
      Home directory is C:\Users\yumik (didn't find either indentconfig.yaml or .indentconfig.yaml)
      To specify user settings you would put indentconfig.yaml here: C:\Users\yumik/indentconfig.yaml
      Alternatively, you can use the hidden file .indentconfig.yaml as: C:\Users\yumik/.indentconfig.yaml
INFO: YAML settings read: -y switch
      Updating masterSettings with defaultIndent: 	
FATAL: I couldn't find d:/KCCT/D5/soturon/intermediate/final-report/__latexindent_temp_final-report.tex, are you sure it exists?.
       No indentation done.
       Exiting.
